Flow report for GaimBoi
Tue Mar 12 08:26:04 2019
Quartus Prime Version 18.0.0 Build 614 04/24/2018 SJ Lite Edition


---------------------
; Table of Contents ;
---------------------
  1. Legal Notice
  2. Flow Summary
  3. Flow Settings
  4. Flow Non-Default Global Settings
  5. Flow Elapsed Time
  6. Flow OS Summary
  7. Flow Log
  8. Flow Messages
  9. Flow Suppressed Messages



----------------
; Legal Notice ;
----------------
Copyright (C) 2018  Intel Corporation. All rights reserved.
Your use of Intel Corporation's design tools, logic functions 
and other software and tools, and its AMPP partner logic 
functions, and any output files from any of the foregoing 
(including device programming or simulation files), and any 
associated documentation or information are expressly subject 
to the terms and conditions of the Intel Program License 
Subscription Agreement, the Intel Quartus Prime License Agreement,
the Intel FPGA IP License Agreement, or other applicable license
agreement, including, without limitation, that your use is for
the sole purpose of programming logic devices manufactured by
Intel and sold by Intel or its authorized distributors.  Please
refer to the applicable agreement for further details.



+-------------------------------------------------------------------------------+
; Flow Summary                                                                  ;
+---------------------------------+---------------------------------------------+
; Flow Status                     ; Successful - Tue Mar 12 08:26:04 2019       ;
; Quartus Prime Version           ; 18.0.0 Build 614 04/24/2018 SJ Lite Edition ;
; Revision Name                   ; GaimBoi                                     ;
; Top-level Entity Name           ; TOP                                         ;
; Family                          ; Cyclone V                                   ;
; Device                          ; 5CSEMA5F31C6                                ;
; Timing Models                   ; Final                                       ;
; Logic utilization (in ALMs)     ; 2,015 / 32,070 ( 6 % )                      ;
; Total registers                 ; 523                                         ;
; Total pins                      ; 142 / 457 ( 31 % )                          ;
; Total virtual pins              ; 0                                           ;
; Total block memory bits         ; 524,352 / 4,065,280 ( 13 % )                ;
; Total DSP Blocks                ; 0 / 87 ( 0 % )                              ;
; Total HSSI RX PCSs              ; 0                                           ;
; Total HSSI PMA RX Deserializers ; 0                                           ;
; Total HSSI TX PCSs              ; 0                                           ;
; Total HSSI PMA TX Serializers   ; 0                                           ;
; Total PLLs                      ; 1 / 6 ( 17 % )                              ;
; Total DLLs                      ; 0 / 4 ( 0 % )                               ;
+---------------------------------+---------------------------------------------+


+-----------------------------------------+
; Flow Settings                           ;
+-------------------+---------------------+
; Option            ; Setting             ;
+-------------------+---------------------+
; Start date & time ; 03/12/2019 08:19:31 ;
; Main task         ; Compilation         ;
; Revision Name     ; GaimBoi             ;
+-------------------+---------------------+


+----------------------------------------------------------------------------------------------------------------------------------------------------+
; Flow Non-Default Global Settings                                                                                                                   ;
+-------------------------------------+----------------------------------------+--------------------------------------+-------------+----------------+
; Assignment Name                     ; Value                                  ; Default Value                        ; Entity Name ; Section Id     ;
+-------------------------------------+----------------------------------------+--------------------------------------+-------------+----------------+
; COMPILER_SIGNATURE_ID               ; 48658624987989.155239677028920         ; --                                   ; --          ; --             ;
; EDA_OUTPUT_DATA_FORMAT              ; Vhdl                                   ; --                                   ; --          ; eda_simulation ;
; EDA_SIMULATION_TOOL                 ; ModelSim-Altera (VHDL)                 ; <None>                               ; --          ; --             ;
; EDA_TIME_SCALE                      ; 1 ps                                   ; --                                   ; --          ; eda_simulation ;
; ENABLE_DRC_SETTINGS                 ; On                                     ; Off                                  ; --          ; --             ;
; ENABLE_SIGNALTAP                    ; On                                     ; --                                   ; --          ; --             ;
; FLOW_ENABLE_IO_ASSIGNMENT_ANALYSIS  ; On                                     ; Off                                  ; --          ; --             ;
; MAX_CORE_JUNCTION_TEMP              ; 85                                     ; --                                   ; --          ; --             ;
; MIN_CORE_JUNCTION_TEMP              ; 0                                      ; --                                   ; --          ; --             ;
; MISC_FILE                           ; RAM_inst.vhd                           ; --                                   ; --          ; --             ;
; MISC_FILE                           ; RAM.cmp                                ; --                                   ; --          ; --             ;
; MISC_FILE                           ; CLOCK_sim/CLOCK.vho                    ; --                                   ; --          ; --             ;
; MISC_FILE                           ; TestClock_sim/TestClock.vho            ; --                                   ; --          ; --             ;
; MISC_FILE                           ; CLOCK.cmp                              ; --                                   ; --          ; --             ;
; NUM_PARALLEL_PROCESSORS             ; All                                    ; --                                   ; --          ; --             ;
; PARTITION_COLOR                     ; -- (Not supported for targeted family) ; --                                   ; TOP         ; Top            ;
; PARTITION_FITTER_PRESERVATION_LEVEL ; -- (Not supported for targeted family) ; --                                   ; TOP         ; Top            ;
; PARTITION_NETLIST_TYPE              ; -- (Not supported for targeted family) ; --                                   ; TOP         ; Top            ;
; POWER_BOARD_THERMAL_MODEL           ; None (CONSERVATIVE)                    ; --                                   ; --          ; --             ;
; POWER_PRESET_COOLING_SOLUTION       ; 23 MM HEAT SINK WITH 200 LFPM AIRFLOW  ; --                                   ; --          ; --             ;
; PROJECT_IP_REGENERATION_POLICY      ; ALWAYS_REGENERATE_IP                   ; SKIP_REGENERATING_IP_IF_HDL_MODIFIED ; --          ; --             ;
; SLD_FILE                            ; db/stp1_auto_stripped.stp              ; --                                   ; --          ; --             ;
; SPD_FILE                            ; CLOCK.spd                              ; --                                   ; --          ; --             ;
; SPD_FILE                            ; TestClock.spd                          ; --                                   ; --          ; --             ;
; SYNTHESIS_ONLY_QIP                  ; On                                     ; --                                   ; --          ; --             ;
; TOP_LEVEL_ENTITY                    ; TOP                                    ; GaimBoi                              ; --          ; --             ;
; USE_SIGNALTAP_FILE                  ; stp1.stp                               ; --                                   ; --          ; --             ;
+-------------------------------------+----------------------------------------+--------------------------------------+-------------+----------------+


+-----------------------------------------------------------------------------------------------------------------------------+
; Flow Elapsed Time                                                                                                           ;
+-------------------------+--------------+-------------------------+---------------------+------------------------------------+
; Module Name             ; Elapsed Time ; Average Processors Used ; Peak Virtual Memory ; Total CPU Time (on all processors) ;
+-------------------------+--------------+-------------------------+---------------------+------------------------------------+
; Analysis & Synthesis    ; 00:01:47     ; 1.0                     ; 4971 MB             ; 00:02:16                           ;
; I/O Assignment Analysis ; 00:00:33     ; 1.0                     ; 5543 MB             ; 00:00:31                           ;
; Fitter                  ; 00:03:10     ; 1.1                     ; 6363 MB             ; 00:05:56                           ;
; Assembler               ; 00:00:13     ; 1.0                     ; 4894 MB             ; 00:00:14                           ;
; Timing Analyzer         ; 00:00:24     ; 1.5                     ; 5242 MB             ; 00:00:34                           ;
; Design Assistant        ; 00:00:05     ; 1.0                     ; 4796 MB             ; 00:00:05                           ;
; EDA Netlist Writer      ; 00:00:07     ; 1.0                     ; 4927 MB             ; 00:00:07                           ;
; Total                   ; 00:06:19     ; --                      ; --                  ; 00:09:43                           ;
+-------------------------+--------------+-------------------------+---------------------+------------------------------------+


+---------------------------------------------------------------------------------------+
; Flow OS Summary                                                                       ;
+-------------------------+------------------+------------+------------+----------------+
; Module Name             ; Machine Hostname ; OS Name    ; OS Version ; Processor type ;
+-------------------------+------------------+------------+------------+----------------+
; Analysis & Synthesis    ; This-PC          ; Windows 10 ; 10.0       ; x86_64         ;
; I/O Assignment Analysis ; This-PC          ; Windows 10 ; 10.0       ; x86_64         ;
; Fitter                  ; This-PC          ; Windows 10 ; 10.0       ; x86_64         ;
; Assembler               ; This-PC          ; Windows 10 ; 10.0       ; x86_64         ;
; Timing Analyzer         ; This-PC          ; Windows 10 ; 10.0       ; x86_64         ;
; Design Assistant        ; This-PC          ; Windows 10 ; 10.0       ; x86_64         ;
; EDA Netlist Writer      ; This-PC          ; Windows 10 ; 10.0       ; x86_64         ;
+-------------------------+------------------+------------+------------+----------------+


------------
; Flow Log ;
------------
quartus_map --read_settings_files=on --write_settings_files=off GaimBoi -c GaimBoi
quartus_fit --read_settings_files=off --write_settings_files=off GaimBoi -c GaimBoi --plan
quartus_fit --read_settings_files=off --write_settings_files=off GaimBoi -c GaimBoi
quartus_asm --read_settings_files=off --write_settings_files=off GaimBoi -c GaimBoi
quartus_sta GaimBoi -c GaimBoi
quartus_drc GaimBoi -c GaimBoi
quartus_eda --read_settings_files=off --write_settings_files=off GaimBoi -c GaimBoi



